1744352138554:hello say hello
1744352143838:exit
1744367099686:test
1744367114142:test man1 1111
1744367169066:stacktrace
1744375122708:hello
1744375126282:test
1744375135273:test man1 1111
1744389841910:test
1744389849589:test man1 1111
1744389858568:stacktrace
1744390312785:test man1 1111
1744390324431:stacktrace
1744391617946:test man1 1111
1744391632689:stacktrace
1744391818815:test man1 1111
1744391825901:stacktrace
1744393942937:test man1 1111
1744434004082:test
1744434007182:exit
1747643672511:track -u man1 -p 1111 -v 3 -o 53.246587 -a 50.215019 -r 15 -l 10 -s 60
1747644023833:/{vehicleId}/point
1747644033171:track -u man1 -p 1111 -v 3 -o 53.246587 -a 50.215019 -r 15 -l 10 -s 60
1747646095542:token.get("token")
1747646107490:track -u man1 -p 1111 -v 3 -o 53.246587 -a 50.215019 -r 15 -l 10 -s 60
1748259028116:track -u man1 -p 1111 -v 9 -o 55.760953 -a 37.619899 -r 15 -l 10 -s 60
1748270256113:track -u man1 -p 1111 -v 11 -o 53.251413 -a 50.224920 -r 15 -l 10 -s 60
1748631075798:track -u man1 -p 1111 -v 11 -o 53.272060 -a 50.225182 -r 15 -l 10 -s 60
1748631096761:stacktrace
1748631257116:track -u man1 -p 1111 -v 11 -o 53.272060 -a 50.225182 -r 15 -l 10 -s 60
1748632017052:track -u man1 -p 1111 -v 11 -o 53.186664 -a 50.117590 -r 15 -l 10 -s 60
1748632406620:track -u man1 -p 1111 -v 11 -o 53.231906 -a 50.253145 -r 15 -l 10 -s 60
1748632634148:track -u man1 -p 1111 -v 11 -o 53.257233 -a 50.213133 -r 15 -l 10 -s 60
1750062019220:track -u man1 -p 1111 -v 11 -o 54.306276 -a 48.353992 -r 15 -l 10 -s 60
1752949348570:hello
1752949701142:stacktrace
1752950014608:track -u man1 -p 1111 -v 7114 -o 55.811989 -a 37.256650 -r 55.844237 -l 38.310256 -t 2024-05-26T15:17:09
1752951029147:stacktrace
1752951976975:track -u man1 -p 1111 -v 7114 -o 55.811989 -a 37.256650 -r 55.844237 -l 38.310256 -t 2024-05-26T15:17:09
1752951994888:stacktrace
1752952033187:track -u man1 -p 1111 -v 7114 -o 55.811989 -a 37.256650 -r 55.844237 -l 38.310256 -t 2024-05-26T15:17:09
1753037652469:track -u man1 -p 1111 -v 7114 -o 55.723316 -a 37.564252 -r 55.708529 -l 37.622550 -t 2024-06-26T15:17:09
1753168786559:track -u man1 -p 1111 -v 7115 -o 55.723316 -a 37.564252 -r 150 -l 37.622550 -t 2024-06-26T15:17:09
1753174441182:track -u man1 -p 1111 -v 7115 -o 55.723316 -a 37.564252 -r 100 -l 37.622550 -t 2024-07-01T10:11:09
1753181442704:track -u man1 -p 1111 -v 7115 -o 55.723316 -a 37.564252 -r 100 -l 37.622550 -t 2024-07-02T10:11:09
1753183363304:track -u man1 -p 1111 -v 7115 -o 55.723316 -a 37.564252 -r 100 -l 37.622550 -t 2024-07-02T08:09:10
1753183583485:exit
1753183596470:track -u man1 -p 1111 -v 7115 -o 55.723316 -a 37.564252 -r 100 -l 37.622550 -t 2024-07-05T08:09:10
1753184458871:track -u man1 -p 1111 -v 7115 -o 55.723316 -a 37.564252 -r 100 -l 37.622550 -t 2024-07-08T08:09:10
1753185289575:track -u man1 -p 1111 -v 7115 -o 55.723316 -a 37.564252 -r 100 -l 37.622550 -t 2024-07-09T08:09:10
1753186277664:track -u man1 -p 1111 -v 7115 -o 55.723316 -a 37.564252 -r 100 -l 37.622550 -t 2024-07-18T08:09:10
1753187466536:track -u man1 -p 1111 -v 7116 -o 55.723316 -a 37.564252 -r 100 -l 37.622550 -t 2024-07-18T08:09:10
1753188106571:track -u man1 -p 1111 -v 7117 -o 55.723316 -a 37.564252 -r 100 -l 37.622550 -t 2024-07-01T08:09:10
1753189628839:track -u man1 -p 1111 -v 7117 -o 55.723316 -a 37.564252 -r 100 -l 37.622550 -t 2024-07-09T08:09:10
1753190232347:track -u man1 -p 1111 -v 7112 -o 55.723316 -a 37.564252 -r 100 -l 37.622550 -t 2024-04-09T08:09:10
1753206765529:track -u man1 -p 1111 -v 7113 -o 55.723316 -a 37.564252 -r 100 -l 37.622550 -t 2024-04-09T08:09:10
1753207676345:track -u man1 -p 1111 -v 7112 -o 55.723316 -a 37.564252 -r 100 -l 37.622550 -t 2024-10-09T08:09:10
1753209091313:track -u man1 -p 1111 -v 7112 -o 55.723316 -a 37.564252 -r 100 -l 37.622550 -t 2024-12-09T08:09:10
1753210015860:track -u man1 -p 1111 -v 7113 -o 55.723316 -a 37.564252 -r 100 -l 37.622550 -t 2024-07-02T08:09:10
1753210555098:track -u man1 -p 1111 -v 7111 -o 55.723316 -a 37.564252 -r 100 -l 37.622550 -t 2024-07-02T08:09:10
1753292653773:track -u man1 -p 1111 -v 1310 -o 55.723316 -a 37.564252 -r 100 -l 37.622550 -t 2024-02-02T08:09:10
1753293200447:track -u man1 -p 1111 -v 1310 -o 55.723316 -a 37.564252 -r 100 -l 37.622550 -t 2024-06-02T08:09:10
